  main.cpp
C:\Users\김상현\OneDrive - 인하대학교\22-2학기\컴그설\finalproject\main.cpp(176,32): warning C4838: 'double'에서 'GLfloat'(으)로의 변환에는 축소 변환이 필요합니다.
C:\Users\김상현\OneDrive - 인하대학교\22-2학기\컴그설\finalproject\main.cpp(176,32): warning C4244: '초기화 중': 'double'에서 'GLfloat'(으)로 변환하면서 데이터가 손실될 수 있습니다.
C:\Users\김상현\OneDrive - 인하대학교\22-2학기\컴그설\finalproject\main.cpp(176,36): warning C4838: 'double'에서 'GLfloat'(으)로의 변환에는 축소 변환이 필요합니다.
C:\Users\김상현\OneDrive - 인하대학교\22-2학기\컴그설\finalproject\main.cpp(176,36): warning C4244: '초기화 중': 'double'에서 'GLfloat'(으)로 변환하면서 데이터가 손실될 수 있습니다.
C:\Users\김상현\OneDrive - 인하대학교\22-2학기\컴그설\finalproject\main.cpp(176,40): warning C4838: 'double'에서 'GLfloat'(으)로의 변환에는 축소 변환이 필요합니다.
C:\Users\김상현\OneDrive - 인하대학교\22-2학기\컴그설\finalproject\main.cpp(176,40): warning C4244: '초기화 중': 'double'에서 'GLfloat'(으)로 변환하면서 데이터가 손실될 수 있습니다.
main.obj : error LNK2019: "unsigned char * __cdecl readImageData(char const *,int *,int *,int *)" (?readImageData@@YAPAEPBDPAH11@Z)"void __cdecl cubeTextureMapping(void)" (?cubeTextureMapping@@YAXXZ) 함수에서 참조되는 확인할 수 없는 외부 기호
main.obj : error LNK2019: __imp__glutInitWindowPosition@8_main 함수에서 참조되는 확인할 수 없는 외부 기호
main.obj : error LNK2019: __imp__glutInitWindowSize@8_main 함수에서 참조되는 확인할 수 없는 외부 기호
main.obj : error LNK2019: __imp__glutInitDisplayMode@4_main 함수에서 참조되는 확인할 수 없는 외부 기호
main.obj : error LNK2019: __imp__glutMainLoop@0_main 함수에서 참조되는 확인할 수 없는 외부 기호
main.obj : error LNK2019: __imp__glutPostRedisplay@0"void __cdecl draw(void)" (?draw@@YAXXZ) 함수에서 참조되는 확인할 수 없는 외부 기호
main.obj : error LNK2019: __imp__glutSwapBuffers@0"void __cdecl draw(void)" (?draw@@YAXXZ) 함수에서 참조되는 확인할 수 없는 외부 기호
main.obj : error LNK2019: __imp__glutAddMenuEntry@8_main 함수에서 참조되는 확인할 수 없는 외부 기호
main.obj : error LNK2019: __imp__glutAttachMenu@4_main 함수에서 참조되는 확인할 수 없는 외부 기호
main.obj : error LNK2019: __imp__glutIdleFunc@4_main 함수에서 참조되는 확인할 수 없는 외부 기호
main.obj : error LNK2019: __imp__glutKeyboardFunc@4_main 함수에서 참조되는 확인할 수 없는 외부 기호
main.obj : error LNK2019: __imp__glutSpecialFunc@4_main 함수에서 참조되는 확인할 수 없는 외부 기호
main.obj : error LNK2019: __imp__glutReshapeFunc@4_main 함수에서 참조되는 확인할 수 없는 외부 기호
main.obj : error LNK2019: __imp__glutDisplayFunc@4_main 함수에서 참조되는 확인할 수 없는 외부 기호
main.obj : error LNK2019: __imp__glutBitmapCharacter@8"void __cdecl draw_string(void *,char const *,int,int)" (?draw_string@@YAXPAXPBDHH@Z) 함수에서 참조되는 확인할 수 없는 외부 기호
main.obj : error LNK2019: __imp____glutInitWithExit@12_glutInit_ATEXIT_HACK@8 함수에서 참조되는 확인할 수 없는 외부 기호
main.obj : error LNK2019: __imp____glutCreateWindowWithExit@8_glutCreateWindow_ATEXIT_HACK@4 함수에서 참조되는 확인할 수 없는 외부 기호
main.obj : error LNK2019: __imp____glutCreateMenuWithExit@8_glutCreateMenu_ATEXIT_HACK@4 함수에서 참조되는 확인할 수 없는 외부 기호
main.obj : error LNK2019: __imp__glutMouseWheelFunc@4_main 함수에서 참조되는 확인할 수 없는 외부 기호
lib\x64\freeglut.lib : warning LNK4272: 'x64' 라이브러리 컴퓨터 종류가 'x86' 대상 컴퓨터 종류와 충돌합니다.
C:\Users\김상현\OneDrive - 인하대학교\22-2학기\컴그설\finalproject\Debug\finalproject.exe : fatal error LNK1120: 19개의 확인할 수 없는 외부 참조입니다.
